<?xml version="1.0" encoding="UTF-8"?>
<testng-results ignored="0" total="4" passed="4" failed="0" skipped="0">
  <reporter-output>
  </reporter-output>
  <suite started-at="2024-10-03T15:08:03 IST" name="Demo Web Shop Automation Testing" finished-at="2024-10-03T15:09:41 IST" duration-ms="97930">
    <groups>
      <group name="cucumber">
        <method signature="AbstractTestNGCucumberTests.runScenario(io.cucumber.testng.PickleWrapper,io.cucumber.testng.FeatureWrapper)[pri:0, instance:TestRunner@e056f20]" name="runScenario" class="io.cucumber.testng.AbstractTestNGCucumberTests"/>
      </group> <!-- cucumber -->
    </groups>
    <test started-at="2024-10-03T15:08:03 IST" name="ChromeTest" finished-at="2024-10-03T15:09:41 IST" duration-ms="97930">
      <class name="TestRunner">
        <test-method is-config="true" signature="setUpClass(org.testng.ITestContext)[pri:0, instance:TestRunner@e056f20]" started-at="2024-10-03T15:08:03 IST" name="setUpClass" finished-at="2024-10-03T15:08:04 IST" duration-ms="235" status="PASS">
          <params>
            <param index="0">
              <value>
                <![CDATA[org.testng.TestRunner@2bcec6a6]]>
              </value>
            </param>
          </params>
          <reporter-output>
          </reporter-output>
        </test-method> <!-- setUpClass -->
        <test-method signature="runScenario(io.cucumber.testng.PickleWrapper,io.cucumber.testng.FeatureWrapper)[pri:0, instance:TestRunner@e056f20]" started-at="2024-10-03T15:08:04 IST" name="runScenario" description="Runs Cucumber Scenarios" data-provider="scenarios" finished-at="2024-10-03T15:08:33 IST" duration-ms="29185" status="PASS">
          <params>
            <param index="0">
              <value>
                <![CDATA["Account registration"]]>
              </value>
            </param>
            <param index="1">
              <value>
                <![CDATA["DemoWebShop functionality testing"]]>
              </value>
            </param>
          </params>
          <reporter-output>
          </reporter-output>
        </test-method> <!-- runScenario -->
        <test-method signature="runScenario(io.cucumber.testng.PickleWrapper,io.cucumber.testng.FeatureWrapper)[pri:0, instance:TestRunner@e056f20]" started-at="2024-10-03T15:08:33 IST" name="runScenario" description="Runs Cucumber Scenarios" data-provider="scenarios" finished-at="2024-10-03T15:08:44 IST" duration-ms="11629" status="PASS">
          <params>
            <param index="0">
              <value>
                <![CDATA["Account login successfully"]]>
              </value>
            </param>
            <param index="1">
              <value>
                <![CDATA["DemoWebShop functionality testing"]]>
              </value>
            </param>
          </params>
          <reporter-output>
          </reporter-output>
        </test-method> <!-- runScenario -->
        <test-method signature="runScenario(io.cucumber.testng.PickleWrapper,io.cucumber.testng.FeatureWrapper)[pri:0, instance:TestRunner@e056f20]" started-at="2024-10-03T15:08:44 IST" name="runScenario" description="Runs Cucumber Scenarios" data-provider="scenarios" finished-at="2024-10-03T15:09:02 IST" duration-ms="17111" status="PASS">
          <params>
            <param index="0">
              <value>
                <![CDATA["Add gift card to cart"]]>
              </value>
            </param>
            <param index="1">
              <value>
                <![CDATA["DemoWebShop functionality testing"]]>
              </value>
            </param>
          </params>
          <reporter-output>
          </reporter-output>
        </test-method> <!-- runScenario -->
        <test-method signature="runScenario(io.cucumber.testng.PickleWrapper,io.cucumber.testng.FeatureWrapper)[pri:0, instance:TestRunner@e056f20]" started-at="2024-10-03T15:09:02 IST" name="runScenario" description="Runs Cucumber Scenarios" data-provider="scenarios" finished-at="2024-10-03T15:09:41 IST" duration-ms="39732" status="PASS">
          <params>
            <param index="0">
              <value>
                <![CDATA["Place order"]]>
              </value>
            </param>
            <param index="1">
              <value>
                <![CDATA["DemoWebShop functionality testing"]]>
              </value>
            </param>
          </params>
          <reporter-output>
          </reporter-output>
        </test-method> <!-- runScenario -->
        <test-method is-config="true" signature="tearDownClass()[pri:0, instance:TestRunner@e056f20]" started-at="2024-10-03T15:09:41 IST" name="tearDownClass" finished-at="2024-10-03T15:09:41 IST" duration-ms="1" status="PASS">
          <reporter-output>
          </reporter-output>
        </test-method> <!-- tearDownClass -->
      </class> <!-- TestRunner -->
    </test> <!-- ChromeTest -->
  </suite> <!-- Demo Web Shop Automation Testing -->
</testng-results>
